wear/build/intermediates/manifest_merge_blame_file/debug/processDebugMainManifest/manifest-merger-blame-debug-report.txt
1<?xml version="1.0" encoding="utf-8"?>
2<manifest xmlns:android="http://schemas.android.com/apk/res/android"
3    package="com.cgcworks.ppgpal"
4    android:versionCode="1"
5    android:versionName="1.0" >
6
7    <uses-sdk
8        android:minSdkVersion="30"
9        android:targetSdkVersion="34" />
10
11    <uses-feature android:name="android.hardware.type.watch" />
11-->src\main\AndroidManifest.xml:4:5-64
11-->src\main\AndroidManifest.xml:4:19-61
12
13    <uses-permission android:name="android.permission.WAKE_LOCK" />
13-->src\main\AndroidManifest.xml:6:5-68
13-->src\main\AndroidManifest.xml:6:22-65
14    <uses-permission android:name="android.permission.BODY_SENSORS" />
14-->src\main\AndroidManifest.xml:7:5-70
14-->src\main\AndroidManifest.xml:7:22-68
15    <uses-permission android:name="android.permission.ACTIVITY_RECOGNITION" />
15-->src\main\AndroidManifest.xml:8:5-78
15-->src\main\AndroidManifest.xml:8:22-76
16    <uses-permission android:name="android.permission.REQUEST_COMPANION_RUN_IN_BACKGROUND" />
16-->src\main\AndroidManifest.xml:9:5-93
16-->src\main\AndroidManifest.xml:9:22-91
17    <uses-permission android:name="android.permission.REQUEST_COMPANION_USE_DATA_IN_BACKGROUND" />
17-->src\main\AndroidManifest.xml:10:5-98
17-->src\main\AndroidManifest.xml:10:22-96
18    <uses-permission android:name="android.permission.BLUETOOTH" />
18-->src\main\AndroidManifest.xml:11:5-67
18-->src\main\AndroidManifest.xml:11:22-65
19    <uses-permission android:name="android.permission.INTERNET" />
19-->src\main\AndroidManifest.xml:12:5-67
19-->src\main\AndroidManifest.xml:12:22-64
20    <uses-permission android:name="android.permission.ACCESS_NETWORK_STATE" />
20-->src\main\AndroidManifest.xml:13:5-79
20-->src\main\AndroidManifest.xml:13:22-76
21    <uses-permission android:name="com.google.android.gms.permission.BIND_NETWORK_TASK_SERVICE" />
21-->src\main\AndroidManifest.xml:14:5-98
21-->src\main\AndroidManifest.xml:14:22-96
22
23    <queries>
23-->[healthsdk.aar] AndroidManifest.xml:9:5-11:15
24        <package android:name="com.sec.android.app.samsungapps" />
24-->[healthsdk.aar] AndroidManifest.xml:10:9-67
24-->[healthsdk.aar] AndroidManifest.xml:10:18-64
25
26        <intent>
26-->[androidx.wear.tiles:tiles:1.3.0] AndroidManifest.xml:8:9-10:18
27            <action android:name="androidx.wear.tiles.action.BIND_UPDATE_REQUESTER" />
27-->[androidx.wear.tiles:tiles:1.3.0] AndroidManifest.xml:9:13-87
27-->[androidx.wear.tiles:tiles:1.3.0] AndroidManifest.xml:9:21-84
28        </intent>
29    </queries>
30
31    <uses-permission android:name="android.permission.WRITE_EXTERNAL_STORAGE" />
32    <uses-permission android:name="android.permission.READ_PHONE_STATE" />
33    <uses-permission android:name="android.permission.READ_EXTERNAL_STORAGE" />
34
35    <permission
35-->[androidx.core:core:1.12.0] AndroidManifest.xml:22:5-24:47
36        android:name="com.cgcworks.ppgpal.DYNAMIC_RECEIVER_NOT_EXPORTED_PERMISSION"
36-->[androidx.core:core:1.12.0] AndroidManifest.xml:23:9-81
37        android:protectionLevel="signature" />
37-->[androidx.core:core:1.12.0] AndroidManifest.xml:24:9-44
38
39    <uses-permission android:name="com.cgcworks.ppgpal.DYNAMIC_RECEIVER_NOT_EXPORTED_PERMISSION" /> <!-- Permission will be merged into the manifest of the hosting app. -->
39-->[androidx.core:core:1.12.0] AndroidManifest.xml:26:5-97
39-->[androidx.core:core:1.12.0] AndroidManifest.xml:26:22-94
40    <!-- Is required to launch foreground extraction service for targetSdkVersion 28+. -->
41    <uses-permission android:name="android.permission.FOREGROUND_SERVICE" />
41-->[com.google.android.play:core:1.8.0] AndroidManifest.xml:8:3-74
41-->[com.google.android.play:core:1.8.0] AndroidManifest.xml:8:20-72
42
43    <application
43-->src\main\AndroidManifest.xml:19:5-87:19
44        android:allowBackup="true"
44-->src\main\AndroidManifest.xml:20:9-35
45        android:appComponentFactory="androidx.core.app.CoreComponentFactory"
45-->[androidx.core:core:1.12.0] AndroidManifest.xml:28:18-86
46        android:debuggable="true"
47        android:enableOnBackInvokedCallback="true"
47-->src\main\AndroidManifest.xml:25:9-51
48        android:extractNativeLibs="false"
49        android:icon="@mipmap/ic_launcher"
49-->src\main\AndroidManifest.xml:21:9-43
50        android:label="@string/app_name"
50-->src\main\AndroidManifest.xml:22:9-41
51        android:supportsRtl="true"
51-->src\main\AndroidManifest.xml:23:9-35
52        android:testOnly="true"
53        android:theme="@style/AppTheme" >
53-->src\main\AndroidManifest.xml:24:9-40
54        <service
54-->src\main\AndroidManifest.xml:26:9-41:19
55            android:name="com.cgcworks.ppgpal.complication.MainComplicationService"
55-->src\main\AndroidManifest.xml:27:13-65
56            android:exported="true"
56-->src\main\AndroidManifest.xml:28:13-36
57            android:label="@string/complication_label"
57-->src\main\AndroidManifest.xml:29:13-55
58            android:permission="com.google.android.wearable.permission.BIND_COMPLICATION_PROVIDER" >
58-->src\main\AndroidManifest.xml:30:13-99
59            <intent-filter>
59-->src\main\AndroidManifest.xml:31:13-33:29
60                <action android:name="android.support.wearable.complications.ACTION_COMPLICATION_UPDATE_REQUEST" />
60-->src\main\AndroidManifest.xml:32:17-116
60-->src\main\AndroidManifest.xml:32:25-113
61            </intent-filter>
62
63            <meta-data
63-->src\main\AndroidManifest.xml:35:13-37:46
64                android:name="android.support.wearable.complications.SUPPORTED_TYPES"
64-->src\main\AndroidManifest.xml:36:17-86
65                android:value="SHORT_TEXT" />
65-->src\main\AndroidManifest.xml:37:17-43
66            <meta-data
66-->src\main\AndroidManifest.xml:38:13-40:37
67                android:name="android.support.wearable.complications.UPDATE_PERIOD_SECONDS"
67-->src\main\AndroidManifest.xml:39:17-92
68                android:value="0" />
68-->src\main\AndroidManifest.xml:40:17-34
69        </service>
70        <service
70-->src\main\AndroidManifest.xml:42:9-54:19
71            android:name="com.cgcworks.ppgpal.tile.MainTileService"
71-->src\main\AndroidManifest.xml:43:13-49
72            android:exported="true"
72-->src\main\AndroidManifest.xml:44:13-36
73            android:label="@string/tile_label"
73-->src\main\AndroidManifest.xml:45:13-47
74            android:permission="com.google.android.wearable.permission.BIND_TILE_PROVIDER" >
74-->src\main\AndroidManifest.xml:46:13-91
75            <intent-filter>
75-->src\main\AndroidManifest.xml:47:13-49:29
76                <action android:name="androidx.wear.tiles.action.BIND_TILE_PROVIDER" />
76-->src\main\AndroidManifest.xml:48:17-88
76-->src\main\AndroidManifest.xml:48:25-85
77            </intent-filter>
78
79            <meta-data
79-->src\main\AndroidManifest.xml:51:13-53:61
80                android:name="androidx.wear.tiles.PREVIEW"
80-->src\main\AndroidManifest.xml:52:17-59
81                android:resource="@drawable/tile_preview" />
81-->src\main\AndroidManifest.xml:53:17-58
82        </service>
83        <service
83-->src\main\AndroidManifest.xml:56:4-62:19
84            android:name="com.cgcworks.ppgpal.services.MessageHandler"
84-->src\main\AndroidManifest.xml:56:13-52
85            android:exported="true" >
85-->src\main\AndroidManifest.xml:57:13-36
86            <intent-filter>
86-->src\main\AndroidManifest.xml:58:8-61:24
87                <action android:name="com.google.android.gms.wearable.MESSAGE_RECEIVED" />
87-->src\main\AndroidManifest.xml:59:12-86
87-->src\main\AndroidManifest.xml:59:20-83
88
89                <data
89-->src\main\AndroidManifest.xml:60:12-89
90                    android:host="*"
90-->src\main\AndroidManifest.xml:60:40-56
91                    android:pathPrefix="/CONTROL"
91-->src\main\AndroidManifest.xml:60:57-86
92                    android:scheme="wear" />
92-->src\main\AndroidManifest.xml:60:18-39
93            </intent-filter>
94        </service>
95
96        <uses-library
96-->src\main\AndroidManifest.xml:65:9-67:39
97            android:name="com.google.android.wearable"
97-->src\main\AndroidManifest.xml:66:13-55
98            android:required="true" />
98-->src\main\AndroidManifest.xml:67:13-36
99        <!--
100               Set to true if your app is Standalone, that is, it does not require the handheld
101               app to run.
102        -->
103        <meta-data
103-->src\main\AndroidManifest.xml:72:9-74:36
104            android:name="com.google.android.wearable.standalone"
104-->src\main\AndroidManifest.xml:73:13-66
105            android:value="true" />
105-->src\main\AndroidManifest.xml:74:13-33
106
107        <activity
107-->src\main\AndroidManifest.xml:76:9-86:20
108            android:name="com.cgcworks.ppgpal.presentation.MainActivity"
108-->src\main\AndroidManifest.xml:77:13-54
109            android:exported="true"
109-->src\main\AndroidManifest.xml:78:13-36
110            android:label="@string/app_name"
110-->src\main\AndroidManifest.xml:79:13-45
111            android:theme="@style/AppTheme" >
111-->src\main\AndroidManifest.xml:80:13-44
112            <intent-filter>
112-->src\main\AndroidManifest.xml:81:13-85:29
113                <action android:name="android.intent.action.MAIN" />
113-->src\main\AndroidManifest.xml:82:17-69
113-->src\main\AndroidManifest.xml:82:25-66
114
115                <category android:name="android.intent.category.LAUNCHER" />
115-->src\main\AndroidManifest.xml:84:17-77
115-->src\main\AndroidManifest.xml:84:27-74
116            </intent-filter>
117        </activity>
118        <activity
118-->[com.google.android.gms:play-services-base:18.0.1] AndroidManifest.xml:20:9-22:45
119            android:name="com.google.android.gms.common.api.GoogleApiActivity"
119-->[com.google.android.gms:play-services-base:18.0.1] AndroidManifest.xml:20:19-85
120            android:exported="false"
120-->[com.google.android.gms:play-services-base:18.0.1] AndroidManifest.xml:22:19-43
121            android:theme="@android:style/Theme.Translucent.NoTitleBar" />
121-->[com.google.android.gms:play-services-base:18.0.1] AndroidManifest.xml:21:19-78
122
123        <meta-data
123-->[com.google.android.gms:play-services-basement:18.0.0] AndroidManifest.xml:21:9-23:69
124            android:name="com.google.android.gms.version"
124-->[com.google.android.gms:play-services-basement:18.0.0] AndroidManifest.xml:22:13-58
125            android:value="@integer/google_play_services_version" />
125-->[com.google.android.gms:play-services-basement:18.0.0] AndroidManifest.xml:23:13-66
126
127        <activity
127-->[androidx.compose.ui:ui-tooling-android:1.6.5] AndroidManifest.xml:23:9-25:39
128            android:name="androidx.compose.ui.tooling.PreviewActivity"
128-->[androidx.compose.ui:ui-tooling-android:1.6.5] AndroidManifest.xml:24:13-71
129            android:exported="true" />
129-->[androidx.compose.ui:ui-tooling-android:1.6.5] AndroidManifest.xml:25:13-36
130        <activity
130-->[androidx.compose.ui:ui-test-manifest:1.6.5] AndroidManifest.xml:23:9-25:39
131            android:name="androidx.activity.ComponentActivity"
131-->[androidx.compose.ui:ui-test-manifest:1.6.5] AndroidManifest.xml:24:13-63
132            android:exported="true" />
132-->[androidx.compose.ui:ui-test-manifest:1.6.5] AndroidManifest.xml:25:13-36
133
134        <provider
134-->[androidx.emoji2:emoji2:1.3.0] AndroidManifest.xml:24:9-32:20
135            android:name="androidx.startup.InitializationProvider"
135-->[androidx.emoji2:emoji2:1.3.0] AndroidManifest.xml:25:13-67
136            android:authorities="com.cgcworks.ppgpal.androidx-startup"
136-->[androidx.emoji2:emoji2:1.3.0] AndroidManifest.xml:26:13-68
137            android:exported="false" >
137-->[androidx.emoji2:emoji2:1.3.0] AndroidManifest.xml:27:13-37
138            <meta-data
138-->[androidx.emoji2:emoji2:1.3.0] AndroidManifest.xml:29:13-31:52
139                android:name="androidx.emoji2.text.EmojiCompatInitializer"
139-->[androidx.emoji2:emoji2:1.3.0] AndroidManifest.xml:30:17-75
140                android:value="androidx.startup" />
140-->[androidx.emoji2:emoji2:1.3.0] AndroidManifest.xml:31:17-49
141            <meta-data
141-->[androidx.lifecycle:lifecycle-process:2.7.0] AndroidManifest.xml:29:13-31:52
142                android:name="androidx.lifecycle.ProcessLifecycleInitializer"
142-->[androidx.lifecycle:lifecycle-process:2.7.0] AndroidManifest.xml:30:17-78
143                android:value="androidx.startup" />
143-->[androidx.lifecycle:lifecycle-process:2.7.0] AndroidManifest.xml:31:17-49
144            <meta-data
144-->[androidx.profileinstaller:profileinstaller:1.3.0] AndroidManifest.xml:29:13-31:52
145                android:name="androidx.profileinstaller.ProfileInstallerInitializer"
145-->[androidx.profileinstaller:profileinstaller:1.3.0] AndroidManifest.xml:30:17-85
146                android:value="androidx.startup" />
146-->[androidx.profileinstaller:profileinstaller:1.3.0] AndroidManifest.xml:31:17-49
147        </provider>
148
149        <receiver
149-->[androidx.profileinstaller:profileinstaller:1.3.0] AndroidManifest.xml:34:9-52:20
150            android:name="androidx.profileinstaller.ProfileInstallReceiver"
150-->[androidx.profileinstaller:profileinstaller:1.3.0] AndroidManifest.xml:35:13-76
151            android:directBootAware="false"
151-->[androidx.profileinstaller:profileinstaller:1.3.0] AndroidManifest.xml:36:13-44
152            android:enabled="true"
152-->[androidx.profileinstaller:profileinstaller:1.3.0] AndroidManifest.xml:37:13-35
153            android:exported="true"
153-->[androidx.profileinstaller:profileinstaller:1.3.0] AndroidManifest.xml:38:13-36
154            android:permission="android.permission.DUMP" >
154-->[androidx.profileinstaller:profileinstaller:1.3.0] AndroidManifest.xml:39:13-57
155            <intent-filter>
155-->[androidx.profileinstaller:profileinstaller:1.3.0] AndroidManifest.xml:40:13-42:29
156                <action android:name="androidx.profileinstaller.action.INSTALL_PROFILE" />
156-->[androidx.profileinstaller:profileinstaller:1.3.0] AndroidManifest.xml:41:17-91
156-->[androidx.profileinstaller:profileinstaller:1.3.0] AndroidManifest.xml:41:25-88
157            </intent-filter>
158            <intent-filter>
158-->[androidx.profileinstaller:profileinstaller:1.3.0] AndroidManifest.xml:43:13-45:29
159                <action android:name="androidx.profileinstaller.action.SKIP_FILE" />
159-->[androidx.profileinstaller:profileinstaller:1.3.0] AndroidManifest.xml:44:17-85
159-->[androidx.profileinstaller:profileinstaller:1.3.0] AndroidManifest.xml:44:25-82
160            </intent-filter>
161            <intent-filter>
161-->[androidx.profileinstaller:profileinstaller:1.3.0] AndroidManifest.xml:46:13-48:29
162                <action android:name="androidx.profileinstaller.action.SAVE_PROFILE" />
162-->[androidx.profileinstaller:profileinstaller:1.3.0] AndroidManifest.xml:47:17-88
162-->[androidx.profileinstaller:profileinstaller:1.3.0] AndroidManifest.xml:47:25-85
163            </intent-filter>
164            <intent-filter>
164-->[androidx.profileinstaller:profileinstaller:1.3.0] AndroidManifest.xml:49:13-51:29
165                <action android:name="androidx.profileinstaller.action.BENCHMARK_OPERATION" />
165-->[androidx.profileinstaller:profileinstaller:1.3.0] AndroidManifest.xml:50:17-95
165-->[androidx.profileinstaller:profileinstaller:1.3.0] AndroidManifest.xml:50:25-92
166            </intent-filter>
167        </receiver> <!-- The activities will be merged into the manifest of the hosting app. -->
168        <activity
168-->[com.google.android.play:core:1.8.0] AndroidManifest.xml:12:5-271
169            android:name="com.google.android.play.core.missingsplits.PlayCoreMissingSplitsActivity"
169-->[com.google.android.play:core:1.8.0] AndroidManifest.xml:12:15-102
170            android:enabled="false"
170-->[com.google.android.play:core:1.8.0] AndroidManifest.xml:12:103-126
171            android:exported="false"
171-->[com.google.android.play:core:1.8.0] AndroidManifest.xml:12:127-151
172            android:launchMode="singleInstance"
172-->[com.google.android.play:core:1.8.0] AndroidManifest.xml:12:204-239
173            android:process=":playcore_missing_splits_activity"
173-->[com.google.android.play:core:1.8.0] AndroidManifest.xml:12:152-203
174            android:stateNotNeeded="true" />
174-->[com.google.android.play:core:1.8.0] AndroidManifest.xml:12:240-269
175        <activity
175-->[com.google.android.play:core:1.8.0] AndroidManifest.xml:13:5-226
176            android:name="com.google.android.play.core.common.PlayCoreDialogWrapperActivity"
176-->[com.google.android.play:core:1.8.0] AndroidManifest.xml:13:15-95
177            android:enabled="false"
177-->[com.google.android.play:core:1.8.0] AndroidManifest.xml:13:96-119
178            android:exported="false"
178-->[com.google.android.play:core:1.8.0] AndroidManifest.xml:13:120-144
179            android:stateNotNeeded="true"
179-->[com.google.android.play:core:1.8.0] AndroidManifest.xml:13:145-174
180            android:theme="@style/Theme.PlayCore.Transparent" /> <!-- The service will be merged into the manifest of the hosting app. -->
180-->[com.google.android.play:core:1.8.0] AndroidManifest.xml:13:175-224
181        <service
181-->[com.google.android.play:core:1.8.0] AndroidManifest.xml:16:5-145
182            android:name="com.google.android.play.core.assetpacks.AssetPackExtractionService"
182-->[com.google.android.play:core:1.8.0] AndroidManifest.xml:16:14-95
183            android:enabled="false"
183-->[com.google.android.play:core:1.8.0] AndroidManifest.xml:16:96-119
184            android:exported="true" />
184-->[com.google.android.play:core:1.8.0] AndroidManifest.xml:16:120-143
185    </application>
186
187</manifest>